{
  "stats": {
    "suites": 2,
    "tests": 5,
    "passes": 1,
    "pending": 0,
    "failures": 4,
    "start": "2022-09-11T23:08:31.642Z",
    "end": "2022-09-11T23:08:36.117Z",
    "duration": 4475,
    "testsRegistered": 5,
    "passPercent": 20,
    "pendingPercent": 0,
    "other": 0,
    "hasOther": false,
    "skipped": 0,
    "hasSkipped": false
  },
  "results": [
    {
      "uuid": "467b7d0d-0675-4fba-a658-76346802c147",
      "title": "",
      "fullFile": "cypress/integration/3.produtos.spec.js",
      "file": "cypress/integration/3.produtos.spec.js",
      "beforeHooks": [],
      "afterHooks": [],
      "tests": [],
      "suites": [
        {
          "uuid": "cdd19229-8524-4b14-a445-59b0d5f708bb",
          "title": "Casos de teste sobre a rota /produtos da API Serverest",
          "fullFile": "",
          "file": "",
          "beforeHooks": [],
          "afterHooks": [],
          "tests": [
            {
              "title": "Deve buscar todos os produtos cadastrados",
              "fullTitle": "Casos de teste sobre a rota /produtos da API Serverest Deve buscar todos os produtos cadastrados",
              "timedOut": null,
              "duration": 231,
              "state": "passed",
              "speed": "fast",
              "pass": true,
              "fail": false,
              "pending": false,
              "context": null,
              "code": "_serverest.default.buscarProdutos().then(res => {\n  _validaServerest.default.validarBuscaDeProdutos(res);\n});",
              "err": {},
              "uuid": "91c7c81b-bbe1-4329-85af-8a7c687a777a",
              "parentUUID": "cdd19229-8524-4b14-a445-59b0d5f708bb",
              "isHook": false,
              "skipped": false
            }
          ],
          "suites": [
            {
              "uuid": "b0d96529-45c3-4b36-bfd6-612506e3139b",
              "title": "Logar com sucesso",
              "fullFile": "",
              "file": "",
              "beforeHooks": [],
              "afterHooks": [],
              "tests": [
                {
                  "title": "Deve postar um novo produto com sucesso",
                  "fullTitle": "Casos de teste sobre a rota /produtos da API Serverest Logar com sucesso Deve postar um novo produto com sucesso",
                  "timedOut": null,
                  "duration": 1135,
                  "state": "failed",
                  "speed": null,
                  "pass": false,
                  "fail": true,
                  "pending": false,
                  "context": null,
                  "code": "_serverest.default.cadastrarProdutoComSucesso().then(res => {\n  _validaServerest.default.validarCadastroDeProdutoComSucesso(res);\n});",
                  "err": {
                    "message": "CypressError: `cy.request()` failed on:\n\nhttps://serverest.dev/produtos\n\nThe response we received from your web server was:\n\n  > 403: Forbidden\n\nThis was considered a failure because the status code was not `2xx` or `3xx`.\n\nIf you do not want status codes to cause failures pass the option: `failOnStatusCode: false`\n\n-----------------------------------------------------------\n\nThe request we sent was:\n\nMethod: POST\nURL: https://serverest.dev/produtos\nHeaders: {\n  \"Connection\": \"keep-alive\",\n  \"user-agent\": \"Mozilla/5.0 (Windows NT 10.0; Win64; x64) AppleWebKit/537.36 (KHTML, like Gecko) Cypress/9.7.0 Chrome/100.0.4896.75 Electron/18.0.4 Safari/537.36\",\n  \"accept\": \"*/*\",\n  \"authorization\": \"Bearer eyJhbGciOiJIUzI1NiIsInR5cCI6IkpXVCJ9.eyJlbWFpbCI6Ik1hbHZpbmE5OEBob3RtYWlsLmNvbSIsInBhc3N3b3JkIjoiYjh6X0xuM0pldGlDb0NUIiwiaWF0IjoxNjYyOTM3NzEyLCJleHAiOjE2NjI5MzgzMTJ9.sWsvMOIiCuo4ZEYybQlQiFaDX8FAZM24ajMzilUQmNk\",\n  \"accept-encoding\": \"gzip, deflate\",\n  \"content-type\": \"application/json\",\n  \"content-length\": 199\n}\nBody: {\"nome\":\"Elegant Cotton Pants\",\"preco\":8797,\"descricao\":\"The Nagasaki Lander is the trademarked name of several series of Nagasaki sport bikes, that started with the 1984 ABC800J\",\"quantidade\":71930}\n\n-----------------------------------------------------------\n\nThe response we got was:\n\nStatus: 403 - Forbidden\nHeaders: {\n  \"access-control-allow-origin\": \"*\",\n  \"x-dns-prefetch-control\": \"off\",\n  \"x-frame-options\": \"SAMEORIGIN\",\n  \"strict-transport-security\": \"max-age=15552000; includeSubDomains\",\n  \"x-download-options\": \"noopen\",\n  \"x-content-type-options\": \"nosniff\",\n  \"x-xss-protection\": \"1; mode=block\",\n  \"x-moesif-transaction-id\": \"fc0957f2-a536-4993-8b0b-b9840a3dd378\",\n  \"content-type\": \"application/json; charset=utf-8\",\n  \"x-cloud-trace-context\": \"a09d2a2739c3d7f0b0b5a557f4a9d926\",\n  \"date\": \"Sun, 11 Sep 2022 23:08:32 GMT\",\n  \"server\": \"Google Frontend\",\n  \"content-length\": \"56\"\n}\nBody: {\n  \"message\": \"Rota exclusiva para administradores\"\n}\n\n\nhttps://on.cypress.io/request",
                    "estack": "CypressError: `cy.request()` failed on:\n\nhttps://serverest.dev/produtos\n\nThe response we received from your web server was:\n\n  > 403: Forbidden\n\nThis was considered a failure because the status code was not `2xx` or `3xx`.\n\nIf you do not want status codes to cause failures pass the option: `failOnStatusCode: false`\n\n-----------------------------------------------------------\n\nThe request we sent was:\n\nMethod: POST\nURL: https://serverest.dev/produtos\nHeaders: {\n  \"Connection\": \"keep-alive\",\n  \"user-agent\": \"Mozilla/5.0 (Windows NT 10.0; Win64; x64) AppleWebKit/537.36 (KHTML, like Gecko) Cypress/9.7.0 Chrome/100.0.4896.75 Electron/18.0.4 Safari/537.36\",\n  \"accept\": \"*/*\",\n  \"authorization\": \"Bearer eyJhbGciOiJIUzI1NiIsInR5cCI6IkpXVCJ9.eyJlbWFpbCI6Ik1hbHZpbmE5OEBob3RtYWlsLmNvbSIsInBhc3N3b3JkIjoiYjh6X0xuM0pldGlDb0NUIiwiaWF0IjoxNjYyOTM3NzEyLCJleHAiOjE2NjI5MzgzMTJ9.sWsvMOIiCuo4ZEYybQlQiFaDX8FAZM24ajMzilUQmNk\",\n  \"accept-encoding\": \"gzip, deflate\",\n  \"content-type\": \"application/json\",\n  \"content-length\": 199\n}\nBody: {\"nome\":\"Elegant Cotton Pants\",\"preco\":8797,\"descricao\":\"The Nagasaki Lander is the trademarked name of several series of Nagasaki sport bikes, that started with the 1984 ABC800J\",\"quantidade\":71930}\n\n-----------------------------------------------------------\n\nThe response we got was:\n\nStatus: 403 - Forbidden\nHeaders: {\n  \"access-control-allow-origin\": \"*\",\n  \"x-dns-prefetch-control\": \"off\",\n  \"x-frame-options\": \"SAMEORIGIN\",\n  \"strict-transport-security\": \"max-age=15552000; includeSubDomains\",\n  \"x-download-options\": \"noopen\",\n  \"x-content-type-options\": \"nosniff\",\n  \"x-xss-protection\": \"1; mode=block\",\n  \"x-moesif-transaction-id\": \"fc0957f2-a536-4993-8b0b-b9840a3dd378\",\n  \"content-type\": \"application/json; charset=utf-8\",\n  \"x-cloud-trace-context\": \"a09d2a2739c3d7f0b0b5a557f4a9d926\",\n  \"date\": \"Sun, 11 Sep 2022 23:08:32 GMT\",\n  \"server\": \"Google Frontend\",\n  \"content-length\": \"56\"\n}\nBody: {\n  \"message\": \"Rota exclusiva para administradores\"\n}\n\n\nhttps://on.cypress.io/request\n    at https://serverest.dev/__cypress/runner/cypress_runner.js:165434:80\n    at tryCatcher (https://serverest.dev/__cypress/runner/cypress_runner.js:13022:23)\n    at Promise._settlePromiseFromHandler (https://serverest.dev/__cypress/runner/cypress_runner.js:10957:31)\n    at Promise._settlePromise (https://serverest.dev/__cypress/runner/cypress_runner.js:11014:18)\n    at Promise._settlePromise0 (https://serverest.dev/__cypress/runner/cypress_runner.js:11059:10)\n    at Promise._settlePromises (https://serverest.dev/__cypress/runner/cypress_runner.js:11139:18)\n    at _drainQueueStep (https://serverest.dev/__cypress/runner/cypress_runner.js:7729:12)\n    at _drainQueue (https://serverest.dev/__cypress/runner/cypress_runner.js:7722:9)\n    at Async.../../node_modules/bluebird/js/release/async.js.Async._drainQueues (https://serverest.dev/__cypress/runner/cypress_runner.js:7738:5)\n    at Async.drainQueues (https://serverest.dev/__cypress/runner/cypress_runner.js:7608:14)\nFrom Your Spec Code:\n    at Function.validaLoginComSucesso (https://serverest.dev/__cypress/tests?p=cypress\\integration\\3.produtos.spec.js:467:5)\n    at Context.eval (https://serverest.dev/__cypress/tests?p=cypress\\integration\\3.produtos.spec.js:188:36)",
                    "diff": null
                  },
                  "uuid": "a5ce5626-75bd-4591-855c-1859451f9fa4",
                  "parentUUID": "b0d96529-45c3-4b36-bfd6-612506e3139b",
                  "isHook": false,
                  "skipped": false
                },
                {
                  "title": "Deve realizar a busca do produto cadastrado pelo Id",
                  "fullTitle": "Casos de teste sobre a rota /produtos da API Serverest Logar com sucesso Deve realizar a busca do produto cadastrado pelo Id",
                  "timedOut": null,
                  "duration": 1052,
                  "state": "failed",
                  "speed": null,
                  "pass": false,
                  "fail": true,
                  "pending": false,
                  "context": null,
                  "code": "_serverest.default.buscarProdutoCadastradoPorId().then(res => {\n  _validaServerest.default.validarBuscaDeProdutoCadastradoPorId(res);\n});",
                  "err": {
                    "message": "CypressError: `cy.request()` failed on:\n\nhttps://serverest.dev/produtos/undefined\n\nThe response we received from your web server was:\n\n  > 400: Bad Request\n\nThis was considered a failure because the status code was not `2xx` or `3xx`.\n\nIf you do not want status codes to cause failures pass the option: `failOnStatusCode: false`\n\n-----------------------------------------------------------\n\nThe request we sent was:\n\nMethod: GET\nURL: https://serverest.dev/produtos/undefined\nHeaders: {\n  \"Connection\": \"keep-alive\",\n  \"user-agent\": \"Mozilla/5.0 (Windows NT 10.0; Win64; x64) AppleWebKit/537.36 (KHTML, like Gecko) Cypress/9.7.0 Chrome/100.0.4896.75 Electron/18.0.4 Safari/537.36\",\n  \"accept\": \"*/*\",\n  \"accept-encoding\": \"gzip, deflate\"\n}\n\n-----------------------------------------------------------\n\nThe response we got was:\n\nStatus: 400 - Bad Request\nHeaders: {\n  \"access-control-allow-origin\": \"*\",\n  \"x-dns-prefetch-control\": \"off\",\n  \"x-frame-options\": \"SAMEORIGIN\",\n  \"strict-transport-security\": \"max-age=15552000; includeSubDomains\",\n  \"x-download-options\": \"noopen\",\n  \"x-content-type-options\": \"nosniff\",\n  \"x-xss-protection\": \"1; mode=block\",\n  \"x-moesif-transaction-id\": \"cbf6d78c-0b34-401b-94f4-43df9ecd6841\",\n  \"content-type\": \"application/json; charset=utf-8\",\n  \"x-cloud-trace-context\": \"4979fbb79af7808273a47cf78bd71c60\",\n  \"date\": \"Sun, 11 Sep 2022 23:08:33 GMT\",\n  \"server\": \"Google Frontend\",\n  \"content-length\": \"44\"\n}\nBody: {\n  \"message\": \"Produto não encontrado\"\n}\n\n\nhttps://on.cypress.io/request",
                    "estack": "CypressError: `cy.request()` failed on:\n\nhttps://serverest.dev/produtos/undefined\n\nThe response we received from your web server was:\n\n  > 400: Bad Request\n\nThis was considered a failure because the status code was not `2xx` or `3xx`.\n\nIf you do not want status codes to cause failures pass the option: `failOnStatusCode: false`\n\n-----------------------------------------------------------\n\nThe request we sent was:\n\nMethod: GET\nURL: https://serverest.dev/produtos/undefined\nHeaders: {\n  \"Connection\": \"keep-alive\",\n  \"user-agent\": \"Mozilla/5.0 (Windows NT 10.0; Win64; x64) AppleWebKit/537.36 (KHTML, like Gecko) Cypress/9.7.0 Chrome/100.0.4896.75 Electron/18.0.4 Safari/537.36\",\n  \"accept\": \"*/*\",\n  \"accept-encoding\": \"gzip, deflate\"\n}\n\n-----------------------------------------------------------\n\nThe response we got was:\n\nStatus: 400 - Bad Request\nHeaders: {\n  \"access-control-allow-origin\": \"*\",\n  \"x-dns-prefetch-control\": \"off\",\n  \"x-frame-options\": \"SAMEORIGIN\",\n  \"strict-transport-security\": \"max-age=15552000; includeSubDomains\",\n  \"x-download-options\": \"noopen\",\n  \"x-content-type-options\": \"nosniff\",\n  \"x-xss-protection\": \"1; mode=block\",\n  \"x-moesif-transaction-id\": \"cbf6d78c-0b34-401b-94f4-43df9ecd6841\",\n  \"content-type\": \"application/json; charset=utf-8\",\n  \"x-cloud-trace-context\": \"4979fbb79af7808273a47cf78bd71c60\",\n  \"date\": \"Sun, 11 Sep 2022 23:08:33 GMT\",\n  \"server\": \"Google Frontend\",\n  \"content-length\": \"44\"\n}\nBody: {\n  \"message\": \"Produto não encontrado\"\n}\n\n\nhttps://on.cypress.io/request\n    at https://serverest.dev/__cypress/runner/cypress_runner.js:165434:80\n    at tryCatcher (https://serverest.dev/__cypress/runner/cypress_runner.js:13022:23)\n    at Promise._settlePromiseFromHandler (https://serverest.dev/__cypress/runner/cypress_runner.js:10957:31)\n    at Promise._settlePromise (https://serverest.dev/__cypress/runner/cypress_runner.js:11014:18)\n    at Promise._settlePromise0 (https://serverest.dev/__cypress/runner/cypress_runner.js:11059:10)\n    at Promise._settlePromises (https://serverest.dev/__cypress/runner/cypress_runner.js:11139:18)\n    at _drainQueueStep (https://serverest.dev/__cypress/runner/cypress_runner.js:7729:12)\n    at _drainQueue (https://serverest.dev/__cypress/runner/cypress_runner.js:7722:9)\n    at Async.../../node_modules/bluebird/js/release/async.js.Async._drainQueues (https://serverest.dev/__cypress/runner/cypress_runner.js:7738:5)\n    at Async.drainQueues (https://serverest.dev/__cypress/runner/cypress_runner.js:7608:14)\nFrom Your Spec Code:\n    at Function.validaLoginComSucesso (https://serverest.dev/__cypress/tests?p=cypress\\integration\\3.produtos.spec.js:467:5)\n    at Context.eval (https://serverest.dev/__cypress/tests?p=cypress\\integration\\3.produtos.spec.js:188:36)",
                    "diff": null
                  },
                  "uuid": "a838a6b9-b397-495e-a621-9e81e4a1d5b0",
                  "parentUUID": "b0d96529-45c3-4b36-bfd6-612506e3139b",
                  "isHook": false,
                  "skipped": false
                },
                {
                  "title": "Deve editar os dados do produto cadastrado com sucesso",
                  "fullTitle": "Casos de teste sobre a rota /produtos da API Serverest Logar com sucesso Deve editar os dados do produto cadastrado com sucesso",
                  "timedOut": null,
                  "duration": 987,
                  "state": "failed",
                  "speed": null,
                  "pass": false,
                  "fail": true,
                  "pending": false,
                  "context": null,
                  "code": "_serverest.default.editarProdutoCadastrado().then(res => {\n  _validaServerest.default.validarEdicaoDeProdutoCadastradoComSucesso(res);\n});",
                  "err": {
                    "message": "CypressError: `cy.request()` failed on:\n\nhttps://serverest.dev/produtos/undefined\n\nThe response we received from your web server was:\n\n  > 403: Forbidden\n\nThis was considered a failure because the status code was not `2xx` or `3xx`.\n\nIf you do not want status codes to cause failures pass the option: `failOnStatusCode: false`\n\n-----------------------------------------------------------\n\nThe request we sent was:\n\nMethod: PUT\nURL: https://serverest.dev/produtos/undefined\nHeaders: {\n  \"Connection\": \"keep-alive\",\n  \"user-agent\": \"Mozilla/5.0 (Windows NT 10.0; Win64; x64) AppleWebKit/537.36 (KHTML, like Gecko) Cypress/9.7.0 Chrome/100.0.4896.75 Electron/18.0.4 Safari/537.36\",\n  \"accept\": \"*/*\",\n  \"authorization\": \"Bearer eyJhbGciOiJIUzI1NiIsInR5cCI6IkpXVCJ9.eyJlbWFpbCI6Ik1hbHZpbmE5OEBob3RtYWlsLmNvbSIsInBhc3N3b3JkIjoiYjh6X0xuM0pldGlDb0NUIiwiaWF0IjoxNjYyOTM3NzE0LCJleHAiOjE2NjI5MzgzMTR9.Wam7KzXqD_5XQv7F6NG80FQL30iZ4--TsBWcuGEruZ4\",\n  \"accept-encoding\": \"gzip, deflate\",\n  \"content-type\": \"application/json\",\n  \"content-length\": 186\n}\nBody: {\"nome\":\"Unbranded Fresh Pants\",\"preco\":21422,\"descricao\":\"Boston's most advanced compression wear technology increases muscle oxygenation, stabilizes active muscles\",\"quantidade\":49632}\n\n-----------------------------------------------------------\n\nThe response we got was:\n\nStatus: 403 - Forbidden\nHeaders: {\n  \"access-control-allow-origin\": \"*\",\n  \"x-dns-prefetch-control\": \"off\",\n  \"x-frame-options\": \"SAMEORIGIN\",\n  \"strict-transport-security\": \"max-age=15552000; includeSubDomains\",\n  \"x-download-options\": \"noopen\",\n  \"x-content-type-options\": \"nosniff\",\n  \"x-xss-protection\": \"1; mode=block\",\n  \"x-moesif-transaction-id\": \"1e72333e-40f9-48b0-8051-a1467a9cc6ce\",\n  \"content-type\": \"application/json; charset=utf-8\",\n  \"x-cloud-trace-context\": \"58cfa26d17122367d9a455acc1b14e33\",\n  \"date\": \"Sun, 11 Sep 2022 23:08:34 GMT\",\n  \"server\": \"Google Frontend\",\n  \"content-length\": \"56\"\n}\nBody: {\n  \"message\": \"Rota exclusiva para administradores\"\n}\n\n\nhttps://on.cypress.io/request",
                    "estack": "CypressError: `cy.request()` failed on:\n\nhttps://serverest.dev/produtos/undefined\n\nThe response we received from your web server was:\n\n  > 403: Forbidden\n\nThis was considered a failure because the status code was not `2xx` or `3xx`.\n\nIf you do not want status codes to cause failures pass the option: `failOnStatusCode: false`\n\n-----------------------------------------------------------\n\nThe request we sent was:\n\nMethod: PUT\nURL: https://serverest.dev/produtos/undefined\nHeaders: {\n  \"Connection\": \"keep-alive\",\n  \"user-agent\": \"Mozilla/5.0 (Windows NT 10.0; Win64; x64) AppleWebKit/537.36 (KHTML, like Gecko) Cypress/9.7.0 Chrome/100.0.4896.75 Electron/18.0.4 Safari/537.36\",\n  \"accept\": \"*/*\",\n  \"authorization\": \"Bearer eyJhbGciOiJIUzI1NiIsInR5cCI6IkpXVCJ9.eyJlbWFpbCI6Ik1hbHZpbmE5OEBob3RtYWlsLmNvbSIsInBhc3N3b3JkIjoiYjh6X0xuM0pldGlDb0NUIiwiaWF0IjoxNjYyOTM3NzE0LCJleHAiOjE2NjI5MzgzMTR9.Wam7KzXqD_5XQv7F6NG80FQL30iZ4--TsBWcuGEruZ4\",\n  \"accept-encoding\": \"gzip, deflate\",\n  \"content-type\": \"application/json\",\n  \"content-length\": 186\n}\nBody: {\"nome\":\"Unbranded Fresh Pants\",\"preco\":21422,\"descricao\":\"Boston's most advanced compression wear technology increases muscle oxygenation, stabilizes active muscles\",\"quantidade\":49632}\n\n-----------------------------------------------------------\n\nThe response we got was:\n\nStatus: 403 - Forbidden\nHeaders: {\n  \"access-control-allow-origin\": \"*\",\n  \"x-dns-prefetch-control\": \"off\",\n  \"x-frame-options\": \"SAMEORIGIN\",\n  \"strict-transport-security\": \"max-age=15552000; includeSubDomains\",\n  \"x-download-options\": \"noopen\",\n  \"x-content-type-options\": \"nosniff\",\n  \"x-xss-protection\": \"1; mode=block\",\n  \"x-moesif-transaction-id\": \"1e72333e-40f9-48b0-8051-a1467a9cc6ce\",\n  \"content-type\": \"application/json; charset=utf-8\",\n  \"x-cloud-trace-context\": \"58cfa26d17122367d9a455acc1b14e33\",\n  \"date\": \"Sun, 11 Sep 2022 23:08:34 GMT\",\n  \"server\": \"Google Frontend\",\n  \"content-length\": \"56\"\n}\nBody: {\n  \"message\": \"Rota exclusiva para administradores\"\n}\n\n\nhttps://on.cypress.io/request\n    at https://serverest.dev/__cypress/runner/cypress_runner.js:165434:80\n    at tryCatcher (https://serverest.dev/__cypress/runner/cypress_runner.js:13022:23)\n    at Promise._settlePromiseFromHandler (https://serverest.dev/__cypress/runner/cypress_runner.js:10957:31)\n    at Promise._settlePromise (https://serverest.dev/__cypress/runner/cypress_runner.js:11014:18)\n    at Promise._settlePromise0 (https://serverest.dev/__cypress/runner/cypress_runner.js:11059:10)\n    at Promise._settlePromises (https://serverest.dev/__cypress/runner/cypress_runner.js:11139:18)\n    at _drainQueueStep (https://serverest.dev/__cypress/runner/cypress_runner.js:7729:12)\n    at _drainQueue (https://serverest.dev/__cypress/runner/cypress_runner.js:7722:9)\n    at Async.../../node_modules/bluebird/js/release/async.js.Async._drainQueues (https://serverest.dev/__cypress/runner/cypress_runner.js:7738:5)\n    at Async.drainQueues (https://serverest.dev/__cypress/runner/cypress_runner.js:7608:14)\nFrom Your Spec Code:\n    at Function.validaLoginComSucesso (https://serverest.dev/__cypress/tests?p=cypress\\integration\\3.produtos.spec.js:467:5)\n    at Context.eval (https://serverest.dev/__cypress/tests?p=cypress\\integration\\3.produtos.spec.js:188:36)",
                    "diff": null
                  },
                  "uuid": "0634ae31-21ae-44c9-b42f-bf2389b9fa36",
                  "parentUUID": "b0d96529-45c3-4b36-bfd6-612506e3139b",
                  "isHook": false,
                  "skipped": false
                },
                {
                  "title": "Deve excluir o produto cadastrado com sucesso",
                  "fullTitle": "Casos de teste sobre a rota /produtos da API Serverest Logar com sucesso Deve excluir o produto cadastrado com sucesso",
                  "timedOut": null,
                  "duration": 876,
                  "state": "failed",
                  "speed": null,
                  "pass": false,
                  "fail": true,
                  "pending": false,
                  "context": null,
                  "code": "_serverest.default.deletarProdutoCadastrado().then(res => {\n  _validaServerest.default.validarExclusaoDeProduto(res);\n});",
                  "err": {
                    "message": "CypressError: `cy.request()` failed on:\n\nhttps://serverest.dev/produtos/undefined\n\nThe response we received from your web server was:\n\n  > 403: Forbidden\n\nThis was considered a failure because the status code was not `2xx` or `3xx`.\n\nIf you do not want status codes to cause failures pass the option: `failOnStatusCode: false`\n\n-----------------------------------------------------------\n\nThe request we sent was:\n\nMethod: DELETE\nURL: https://serverest.dev/produtos/undefined\nHeaders: {\n  \"Connection\": \"keep-alive\",\n  \"user-agent\": \"Mozilla/5.0 (Windows NT 10.0; Win64; x64) AppleWebKit/537.36 (KHTML, like Gecko) Cypress/9.7.0 Chrome/100.0.4896.75 Electron/18.0.4 Safari/537.36\",\n  \"accept\": \"*/*\",\n  \"authorization\": \"Bearer eyJhbGciOiJIUzI1NiIsInR5cCI6IkpXVCJ9.eyJlbWFpbCI6Ik1hbHZpbmE5OEBob3RtYWlsLmNvbSIsInBhc3N3b3JkIjoiYjh6X0xuM0pldGlDb0NUIiwiaWF0IjoxNjYyOTM3NzE1LCJleHAiOjE2NjI5MzgzMTV9.Ef-u-uu0Xkhrjw49hlSs5S3KI6tXVBWMa15U-YXyRf0\",\n  \"accept-encoding\": \"gzip, deflate\",\n  \"content-length\": 0\n}\n\n-----------------------------------------------------------\n\nThe response we got was:\n\nStatus: 403 - Forbidden\nHeaders: {\n  \"access-control-allow-origin\": \"*\",\n  \"x-dns-prefetch-control\": \"off\",\n  \"x-frame-options\": \"SAMEORIGIN\",\n  \"strict-transport-security\": \"max-age=15552000; includeSubDomains\",\n  \"x-download-options\": \"noopen\",\n  \"x-content-type-options\": \"nosniff\",\n  \"x-xss-protection\": \"1; mode=block\",\n  \"x-moesif-transaction-id\": \"1e180ead-5112-477b-afd7-c8e101a084d9\",\n  \"content-type\": \"application/json; charset=utf-8\",\n  \"x-cloud-trace-context\": \"11629a806bd0d29b861efadb01dd73df\",\n  \"date\": \"Sun, 11 Sep 2022 23:08:35 GMT\",\n  \"server\": \"Google Frontend\",\n  \"content-length\": \"56\"\n}\nBody: {\n  \"message\": \"Rota exclusiva para administradores\"\n}\n\n\nhttps://on.cypress.io/request",
                    "estack": "CypressError: `cy.request()` failed on:\n\nhttps://serverest.dev/produtos/undefined\n\nThe response we received from your web server was:\n\n  > 403: Forbidden\n\nThis was considered a failure because the status code was not `2xx` or `3xx`.\n\nIf you do not want status codes to cause failures pass the option: `failOnStatusCode: false`\n\n-----------------------------------------------------------\n\nThe request we sent was:\n\nMethod: DELETE\nURL: https://serverest.dev/produtos/undefined\nHeaders: {\n  \"Connection\": \"keep-alive\",\n  \"user-agent\": \"Mozilla/5.0 (Windows NT 10.0; Win64; x64) AppleWebKit/537.36 (KHTML, like Gecko) Cypress/9.7.0 Chrome/100.0.4896.75 Electron/18.0.4 Safari/537.36\",\n  \"accept\": \"*/*\",\n  \"authorization\": \"Bearer eyJhbGciOiJIUzI1NiIsInR5cCI6IkpXVCJ9.eyJlbWFpbCI6Ik1hbHZpbmE5OEBob3RtYWlsLmNvbSIsInBhc3N3b3JkIjoiYjh6X0xuM0pldGlDb0NUIiwiaWF0IjoxNjYyOTM3NzE1LCJleHAiOjE2NjI5MzgzMTV9.Ef-u-uu0Xkhrjw49hlSs5S3KI6tXVBWMa15U-YXyRf0\",\n  \"accept-encoding\": \"gzip, deflate\",\n  \"content-length\": 0\n}\n\n-----------------------------------------------------------\n\nThe response we got was:\n\nStatus: 403 - Forbidden\nHeaders: {\n  \"access-control-allow-origin\": \"*\",\n  \"x-dns-prefetch-control\": \"off\",\n  \"x-frame-options\": \"SAMEORIGIN\",\n  \"strict-transport-security\": \"max-age=15552000; includeSubDomains\",\n  \"x-download-options\": \"noopen\",\n  \"x-content-type-options\": \"nosniff\",\n  \"x-xss-protection\": \"1; mode=block\",\n  \"x-moesif-transaction-id\": \"1e180ead-5112-477b-afd7-c8e101a084d9\",\n  \"content-type\": \"application/json; charset=utf-8\",\n  \"x-cloud-trace-context\": \"11629a806bd0d29b861efadb01dd73df\",\n  \"date\": \"Sun, 11 Sep 2022 23:08:35 GMT\",\n  \"server\": \"Google Frontend\",\n  \"content-length\": \"56\"\n}\nBody: {\n  \"message\": \"Rota exclusiva para administradores\"\n}\n\n\nhttps://on.cypress.io/request\n    at https://serverest.dev/__cypress/runner/cypress_runner.js:165434:80\n    at tryCatcher (https://serverest.dev/__cypress/runner/cypress_runner.js:13022:23)\n    at Promise._settlePromiseFromHandler (https://serverest.dev/__cypress/runner/cypress_runner.js:10957:31)\n    at Promise._settlePromise (https://serverest.dev/__cypress/runner/cypress_runner.js:11014:18)\n    at Promise._settlePromise0 (https://serverest.dev/__cypress/runner/cypress_runner.js:11059:10)\n    at Promise._settlePromises (https://serverest.dev/__cypress/runner/cypress_runner.js:11139:18)\n    at _drainQueueStep (https://serverest.dev/__cypress/runner/cypress_runner.js:7729:12)\n    at _drainQueue (https://serverest.dev/__cypress/runner/cypress_runner.js:7722:9)\n    at Async.../../node_modules/bluebird/js/release/async.js.Async._drainQueues (https://serverest.dev/__cypress/runner/cypress_runner.js:7738:5)\n    at Async.drainQueues (https://serverest.dev/__cypress/runner/cypress_runner.js:7608:14)\nFrom Your Spec Code:\n    at Function.validaLoginComSucesso (https://serverest.dev/__cypress/tests?p=cypress\\integration\\3.produtos.spec.js:467:5)\n    at Context.eval (https://serverest.dev/__cypress/tests?p=cypress\\integration\\3.produtos.spec.js:188:36)",
                    "diff": null
                  },
                  "uuid": "ee21d59e-03ee-450f-8740-440c9490509c",
                  "parentUUID": "b0d96529-45c3-4b36-bfd6-612506e3139b",
                  "isHook": false,
                  "skipped": false
                }
              ],
              "suites": [],
              "passes": [],
              "failures": [
                "a5ce5626-75bd-4591-855c-1859451f9fa4",
                "a838a6b9-b397-495e-a621-9e81e4a1d5b0",
                "0634ae31-21ae-44c9-b42f-bf2389b9fa36",
                "ee21d59e-03ee-450f-8740-440c9490509c"
              ],
              "pending": [],
              "skipped": [],
              "duration": 4050,
              "root": false,
              "rootEmpty": false,
              "_timeout": 2000
            }
          ],
          "passes": [
            "91c7c81b-bbe1-4329-85af-8a7c687a777a"
          ],
          "failures": [],
          "pending": [],
          "skipped": [],
          "duration": 231,
          "root": false,
          "rootEmpty": false,
          "_timeout": 2000
        }
      ],
      "passes": [],
      "failures": [],
      "pending": [],
      "skipped": [],
      "duration": 0,
      "root": true,
      "rootEmpty": true,
      "_timeout": 2000
    }
  ],
  "meta": {
    "mocha": {
      "version": "7.0.1"
    },
    "mochawesome": {
      "options": {
        "quiet": false,
        "reportFilename": "mochawesome",
        "saveHtml": false,
        "saveJson": true,
        "consoleReporter": "spec",
        "useInlineDiffs": false,
        "code": true
      },
      "version": "7.1.3"
    },
    "marge": {
      "options": {
        "id": "default",
        "reportDir": "cypress/reports/mocha",
        "quite": true,
        "overwrite": false,
        "html": false,
        "json": true
      },
      "version": "6.2.0"
    }
  }
}