{
  "stats": {
    "suites": 1,
    "tests": 2,
    "passes": 1,
    "pending": 0,
    "failures": 1,
    "start": "2022-09-12T16:33:07.530Z",
    "end": "2022-09-12T16:33:08.996Z",
    "duration": 1466,
    "testsRegistered": 2,
    "passPercent": 50,
    "pendingPercent": 0,
    "other": 0,
    "hasOther": false,
    "skipped": 0,
    "hasSkipped": false
  },
  "results": [
    {
      "uuid": "7f735bb4-78f4-4548-9574-01ac2ad75e53",
      "title": "",
      "fullFile": "cypress/integration/2.login.spec.js",
      "file": "cypress/integration/2.login.spec.js",
      "beforeHooks": [],
      "afterHooks": [],
      "tests": [],
      "suites": [
        {
          "uuid": "ff10dcab-2739-45b5-bbfa-7ef7b1b0dca8",
          "title": "Casos de teste sobre a rota /login da API Serverest",
          "fullFile": "",
          "file": "",
          "beforeHooks": [],
          "afterHooks": [],
          "tests": [
            {
              "title": "Deve realizar o login corretamente",
              "fullTitle": "Casos de teste sobre a rota /login da API Serverest Deve realizar o login corretamente",
              "timedOut": null,
              "duration": 497,
              "state": "passed",
              "speed": "fast",
              "pass": true,
              "fail": false,
              "pending": false,
              "context": null,
              "code": "_serverest.default.buscarUsuarioParaLogin();\ncy.get('@usuarioLogin').then(usuario => {\n  _serverest.default.logar(usuario).then(res => {\n    cy.contractValidation(res, 'post-login', 200);\n    _validaServerest.default.validaLoginComSucesso(res);\n    _serverest.default.salvarBearer(res);\n  });\n});",
              "err": {},
              "uuid": "7a26549e-0295-4431-909b-2544eca8b9b5",
              "parentUUID": "ff10dcab-2739-45b5-bbfa-7ef7b1b0dca8",
              "isHook": false,
              "skipped": false
            },
            {
              "title": "Deve realizar tentativa de login sem sucesso",
              "fullTitle": "Casos de teste sobre a rota /login da API Serverest Deve realizar tentativa de login sem sucesso",
              "timedOut": null,
              "duration": 888,
              "state": "failed",
              "speed": null,
              "pass": false,
              "fail": true,
              "pending": false,
              "context": null,
              "code": "let usuario = {\n  email: 'naoexiste@test.com',\n  password: '123'\n};\n_serverest.default.logar(usuario).then(res => {\n  cy.contractValidation(res, 'post-login', 400);\n  _validaServerest.default.validaLoginSemSucesso(res);\n});",
              "err": {
                "message": "AssertionError: expected 401 to equal 400",
                "estack": "AssertionError: expected 401 to equal 400\n    at Function.validaLoginSemSucesso (https://serverest.dev/__cypress/tests?p=cypress\\integration\\2.login.spec.js:459:32)\n    at Context.eval (https://serverest.dev/__cypress/tests?p=cypress\\integration\\2.login.spec.js:199:32)",
                "diff": "- 401\n+ 400\n"
              },
              "uuid": "82ee29c2-3cd3-4c9e-a45e-80d0039d59d9",
              "parentUUID": "ff10dcab-2739-45b5-bbfa-7ef7b1b0dca8",
              "isHook": false,
              "skipped": false
            }
          ],
          "suites": [],
          "passes": [
            "7a26549e-0295-4431-909b-2544eca8b9b5"
          ],
          "failures": [
            "82ee29c2-3cd3-4c9e-a45e-80d0039d59d9"
          ],
          "pending": [],
          "skipped": [],
          "duration": 1385,
          "root": false,
          "rootEmpty": false,
          "_timeout": 2000
        }
      ],
      "passes": [],
      "failures": [],
      "pending": [],
      "skipped": [],
      "duration": 0,
      "root": true,
      "rootEmpty": true,
      "_timeout": 2000
    }
  ],
  "meta": {
    "mocha": {
      "version": "7.0.1"
    },
    "mochawesome": {
      "options": {
        "quiet": false,
        "reportFilename": "mochawesome",
        "saveHtml": false,
        "saveJson": true,
        "consoleReporter": "spec",
        "useInlineDiffs": false,
        "code": true
      },
      "version": "7.1.3"
    },
    "marge": {
      "options": {
        "id": "default",
        "reportDir": "cypress/reports/mocha",
        "quite": true,
        "overwrite": false,
        "html": false,
        "json": true
      },
      "version": "6.2.0"
    }
  }
}