{
  "stats": {
    "suites": 1,
    "tests": 2,
    "passes": 2,
    "pending": 0,
    "failures": 0,
    "start": "2022-09-11T23:08:22.631Z",
    "end": "2022-09-11T23:08:23.359Z",
    "duration": 728,
    "testsRegistered": 2,
    "passPercent": 100,
    "pendingPercent": 0,
    "other": 0,
    "hasOther": false,
    "skipped": 0,
    "hasSkipped": false
  },
  "results": [
    {
      "uuid": "0e1b2c89-6c40-444c-8c55-5e63774722f1",
      "title": "",
      "fullFile": "cypress/integration/2.login.spec.js",
      "file": "cypress/integration/2.login.spec.js",
      "beforeHooks": [],
      "afterHooks": [],
      "tests": [],
      "suites": [
        {
          "uuid": "9319cfaa-ef54-42f1-b426-d50d8f972375",
          "title": "Casos de teste sobre a rota /login da API Serverest",
          "fullFile": "",
          "file": "",
          "beforeHooks": [],
          "afterHooks": [],
          "tests": [
            {
              "title": "Deve realizar o login corretamente",
              "fullTitle": "Casos de teste sobre a rota /login da API Serverest Deve realizar o login corretamente",
              "timedOut": null,
              "duration": 512,
              "state": "passed",
              "speed": "fast",
              "pass": true,
              "fail": false,
              "pending": false,
              "context": null,
              "code": "_serverest.default.buscarUsuarioParaLogin();\ncy.get('@usuarioLogin').then(usuario => {\n  _serverest.default.logar(usuario).then(res => {\n    cy.contractValidation(res, 'post-login', 200);\n    _validaServerest.default.validaLoginComSucesso(res);\n    _serverest.default.salvarBearer(res);\n  });\n});",
              "err": {},
              "uuid": "a2c720bc-4579-4576-a975-6ac8436da218",
              "parentUUID": "9319cfaa-ef54-42f1-b426-d50d8f972375",
              "isHook": false,
              "skipped": false
            },
            {
              "title": "Deve realizar tentativa de login sem sucesso",
              "fullTitle": "Casos de teste sobre a rota /login da API Serverest Deve realizar tentativa de login sem sucesso",
              "timedOut": null,
              "duration": 193,
              "state": "passed",
              "speed": "fast",
              "pass": true,
              "fail": false,
              "pending": false,
              "context": null,
              "code": "let usuario = {\n  email: 'naoexiste@test.com',\n  password: '123'\n};\n_serverest.default.logar(usuario).then(res => {\n  cy.contractValidation(res, 'post-login', 400);\n  _validaServerest.default.validaLoginSemSucesso(res);\n});",
              "err": {},
              "uuid": "52bf1b39-7eeb-4da2-a82c-ff2f1298213e",
              "parentUUID": "9319cfaa-ef54-42f1-b426-d50d8f972375",
              "isHook": false,
              "skipped": false
            }
          ],
          "suites": [],
          "passes": [
            "a2c720bc-4579-4576-a975-6ac8436da218",
            "52bf1b39-7eeb-4da2-a82c-ff2f1298213e"
          ],
          "failures": [],
          "pending": [],
          "skipped": [],
          "duration": 705,
          "root": false,
          "rootEmpty": false,
          "_timeout": 2000
        }
      ],
      "passes": [],
      "failures": [],
      "pending": [],
      "skipped": [],
      "duration": 0,
      "root": true,
      "rootEmpty": true,
      "_timeout": 2000
    }
  ],
  "meta": {
    "mocha": {
      "version": "7.0.1"
    },
    "mochawesome": {
      "options": {
        "quiet": false,
        "reportFilename": "mochawesome",
        "saveHtml": false,
        "saveJson": true,
        "consoleReporter": "spec",
        "useInlineDiffs": false,
        "code": true
      },
      "version": "7.1.3"
    },
    "marge": {
      "options": {
        "id": "default",
        "reportDir": "cypress/reports/mocha",
        "quite": true,
        "overwrite": false,
        "html": false,
        "json": true
      },
      "version": "6.2.0"
    }
  }
}