{
  "stats": {
    "suites": 2,
    "tests": 5,
    "passes": 5,
    "pending": 0,
    "failures": 0,
    "start": "2022-09-12T16:33:15.742Z",
    "end": "2022-09-12T16:33:18.740Z",
    "duration": 2998,
    "testsRegistered": 5,
    "passPercent": 100,
    "pendingPercent": 0,
    "other": 0,
    "hasOther": false,
    "skipped": 0,
    "hasSkipped": false
  },
  "results": [
    {
      "uuid": "c34df87b-4237-45cc-83a2-875d63192ec9",
      "title": "",
      "fullFile": "cypress/integration/3.produtos.spec.js",
      "file": "cypress/integration/3.produtos.spec.js",
      "beforeHooks": [],
      "afterHooks": [],
      "tests": [],
      "suites": [
        {
          "uuid": "25f776a0-99e9-4547-8307-12155ce2e20b",
          "title": "Casos de teste sobre a rota /produtos da API Serverest",
          "fullFile": "",
          "file": "",
          "beforeHooks": [],
          "afterHooks": [],
          "tests": [
            {
              "title": "Deve buscar todos os produtos cadastrados",
              "fullTitle": "Casos de teste sobre a rota /produtos da API Serverest Deve buscar todos os produtos cadastrados",
              "timedOut": null,
              "duration": 329,
              "state": "passed",
              "speed": "fast",
              "pass": true,
              "fail": false,
              "pending": false,
              "context": null,
              "code": "_serverest.default.buscarProdutos().then(res => {\n  cy.contractValidation(res, 'get-produtos', 200);\n  _validaServerest.default.validarBuscaDeProdutos(res);\n});",
              "err": {},
              "uuid": "8ddf3216-3afd-483c-a4dd-228bdfbf7b99",
              "parentUUID": "25f776a0-99e9-4547-8307-12155ce2e20b",
              "isHook": false,
              "skipped": false
            }
          ],
          "suites": [
            {
              "uuid": "8750825a-eed6-4f18-bffc-4a5acee0f0dc",
              "title": "Logar com sucesso",
              "fullFile": "",
              "file": "",
              "beforeHooks": [],
              "afterHooks": [],
              "tests": [
                {
                  "title": "Deve postar um novo produto com sucesso",
                  "fullTitle": "Casos de teste sobre a rota /produtos da API Serverest Logar com sucesso Deve postar um novo produto com sucesso",
                  "timedOut": null,
                  "duration": 595,
                  "state": "passed",
                  "speed": "fast",
                  "pass": true,
                  "fail": false,
                  "pending": false,
                  "context": null,
                  "code": "_serverest.default.cadastrarProdutoComSucesso().then(res => {\n  cy.contractValidation(res, 'post-produtos', 201);\n  _validaServerest.default.validarCadastroDeProdutoComSucesso(res);\n});",
                  "err": {},
                  "uuid": "abb1beea-9025-4713-9089-978f63823596",
                  "parentUUID": "8750825a-eed6-4f18-bffc-4a5acee0f0dc",
                  "isHook": false,
                  "skipped": false
                },
                {
                  "title": "Deve realizar a busca do produto cadastrado pelo Id",
                  "fullTitle": "Casos de teste sobre a rota /produtos da API Serverest Logar com sucesso Deve realizar a busca do produto cadastrado pelo Id",
                  "timedOut": null,
                  "duration": 650,
                  "state": "passed",
                  "speed": "fast",
                  "pass": true,
                  "fail": false,
                  "pending": false,
                  "context": null,
                  "code": "_serverest.default.buscarProdutoCadastradoPorId().then(res => {\n  cy.contractValidation(res, 'get-produtos-by-id', 200);\n  _validaServerest.default.validarBuscaDeProdutoCadastradoPorId(res);\n});",
                  "err": {},
                  "uuid": "0c664e81-3429-4395-8de3-e5064d4b9fee",
                  "parentUUID": "8750825a-eed6-4f18-bffc-4a5acee0f0dc",
                  "isHook": false,
                  "skipped": false
                },
                {
                  "title": "Deve editar os dados do produto cadastrado com sucesso",
                  "fullTitle": "Casos de teste sobre a rota /produtos da API Serverest Logar com sucesso Deve editar os dados do produto cadastrado com sucesso",
                  "timedOut": null,
                  "duration": 698,
                  "state": "passed",
                  "speed": "fast",
                  "pass": true,
                  "fail": false,
                  "pending": false,
                  "context": null,
                  "code": "_serverest.default.editarProdutoCadastrado().then(res => {\n  cy.contractValidation(res, 'put-produtos-by-id', 200);\n  _validaServerest.default.validarEdicaoDeProdutoCadastradoComSucesso(res);\n});",
                  "err": {},
                  "uuid": "7909bb43-e397-4aa3-9535-de7c0f45883b",
                  "parentUUID": "8750825a-eed6-4f18-bffc-4a5acee0f0dc",
                  "isHook": false,
                  "skipped": false
                },
                {
                  "title": "Deve excluir o produto cadastrado com sucesso",
                  "fullTitle": "Casos de teste sobre a rota /produtos da API Serverest Logar com sucesso Deve excluir o produto cadastrado com sucesso",
                  "timedOut": null,
                  "duration": 665,
                  "state": "passed",
                  "speed": "fast",
                  "pass": true,
                  "fail": false,
                  "pending": false,
                  "context": null,
                  "code": "_serverest.default.deletarProdutoCadastrado().then(res => {\n  cy.contractValidation(res, 'delete-produtos-by-id', 200);\n  _validaServerest.default.validarExclusaoDeProduto(res);\n});",
                  "err": {},
                  "uuid": "d7dd7cd8-b28e-4125-b0ee-da9059ec55fa",
                  "parentUUID": "8750825a-eed6-4f18-bffc-4a5acee0f0dc",
                  "isHook": false,
                  "skipped": false
                }
              ],
              "suites": [],
              "passes": [
                "abb1beea-9025-4713-9089-978f63823596",
                "0c664e81-3429-4395-8de3-e5064d4b9fee",
                "7909bb43-e397-4aa3-9535-de7c0f45883b",
                "d7dd7cd8-b28e-4125-b0ee-da9059ec55fa"
              ],
              "failures": [],
              "pending": [],
              "skipped": [],
              "duration": 2608,
              "root": false,
              "rootEmpty": false,
              "_timeout": 2000
            }
          ],
          "passes": [
            "8ddf3216-3afd-483c-a4dd-228bdfbf7b99"
          ],
          "failures": [],
          "pending": [],
          "skipped": [],
          "duration": 329,
          "root": false,
          "rootEmpty": false,
          "_timeout": 2000
        }
      ],
      "passes": [],
      "failures": [],
      "pending": [],
      "skipped": [],
      "duration": 0,
      "root": true,
      "rootEmpty": true,
      "_timeout": 2000
    }
  ],
  "meta": {
    "mocha": {
      "version": "7.0.1"
    },
    "mochawesome": {
      "options": {
        "quiet": false,
        "reportFilename": "mochawesome",
        "saveHtml": false,
        "saveJson": true,
        "consoleReporter": "spec",
        "useInlineDiffs": false,
        "code": true
      },
      "version": "7.1.3"
    },
    "marge": {
      "options": {
        "id": "default",
        "reportDir": "cypress/reports/mocha",
        "quite": true,
        "overwrite": false,
        "html": false,
        "json": true
      },
      "version": "6.2.0"
    }
  }
}