{
  "stats": {
    "suites": 2,
    "tests": 3,
    "passes": 2,
    "pending": 0,
    "failures": 1,
    "start": "2022-09-11T23:08:47.227Z",
    "end": "2022-09-11T23:08:49.449Z",
    "duration": 2222,
    "testsRegistered": 3,
    "passPercent": 66.66666666666666,
    "pendingPercent": 0,
    "other": 0,
    "hasOther": false,
    "skipped": 0,
    "hasSkipped": false
  },
  "results": [
    {
      "uuid": "23faffcd-523f-4615-b0e3-d77cb0dd3c3f",
      "title": "",
      "fullFile": "cypress/integration/4.carrinhos.spec.js",
      "file": "cypress/integration/4.carrinhos.spec.js",
      "beforeHooks": [],
      "afterHooks": [],
      "tests": [],
      "suites": [
        {
          "uuid": "fba68587-8433-4993-8404-8854dec7d04c",
          "title": "Casos de teste sobre a rota /carrinhos da API Serverest",
          "fullFile": "",
          "file": "",
          "beforeHooks": [],
          "afterHooks": [],
          "tests": [
            {
              "title": "Deve buscar todos os carrinhos cadastrados",
              "fullTitle": "Casos de teste sobre a rota /carrinhos da API Serverest Deve buscar todos os carrinhos cadastrados",
              "timedOut": null,
              "duration": 282,
              "state": "passed",
              "speed": "fast",
              "pass": true,
              "fail": false,
              "pending": false,
              "context": null,
              "code": "_serverest.default.buscarCarrinhos().then(res => {\n  cy.contractValidation(res, 'get-carrinhos', 200);\n  _validaServerest.default.validarBuscaDeCarrinhos(res);\n});",
              "err": {},
              "uuid": "13f79966-4cd9-483d-b238-a67530823980",
              "parentUUID": "fba68587-8433-4993-8404-8854dec7d04c",
              "isHook": false,
              "skipped": false
            }
          ],
          "suites": [
            {
              "uuid": "67be6425-2234-4f77-b70f-9bafafaec3df",
              "title": "Realizar o login com sucesso",
              "fullFile": "",
              "file": "",
              "beforeHooks": [],
              "afterHooks": [],
              "tests": [
                {
                  "title": "Deve cadastrar um carrinho com sucesso",
                  "fullTitle": "Casos de teste sobre a rota /carrinhos da API Serverest Realizar o login com sucesso Deve cadastrar um carrinho com sucesso",
                  "timedOut": null,
                  "duration": 1238,
                  "state": "failed",
                  "speed": null,
                  "pass": false,
                  "fail": true,
                  "pending": false,
                  "context": null,
                  "code": "_serverest.default.buscarProdutoParaCarrinho(); //Aqui eu faço a busca de um produto aleatório dentro da lista de produtos\n\ncy.get('@produtoParaCarrinho').then(produto => {\n  //O produto retornado na linha acima é chamado aqui no cy.get('@produtoParaCarrinho') e enviado para a próxima função para a adição do carrinho\n  _serverest.default.adicionarCarrinhoComSucesso(produto).then(res => {\n    cy.contractValidation(res, 'post-carrinhos', 201);\n    _validaServerest.default.validarCadastroDeCarrinho(res);\n  });\n});",
                  "err": {
                    "message": "AssertionError: expected 'Não é permitido ter mais de 1 carrinho' to equal 'Cadastro realizado com sucesso'",
                    "estack": "AssertionError: expected 'Não é permitido ter mais de 1 carrinho' to equal 'Cadastro realizado com sucesso'\n    at Function.validarCadastroDeCarrinho (https://serverest.dev/__cypress/tests?p=cypress\\integration\\4.carrinhos.spec.js:505:41)\n    at Context.eval (https://serverest.dev/__cypress/tests?p=cypress\\integration\\4.carrinhos.spec.js:206:36)",
                    "diff": "- 'Não é permitido ter mais de 1 carrinho'\n+ 'Cadastro realizado com sucesso'\n"
                  },
                  "uuid": "1f764756-5fb0-48da-8dd2-d97e5791616e",
                  "parentUUID": "67be6425-2234-4f77-b70f-9bafafaec3df",
                  "isHook": false,
                  "skipped": false
                },
                {
                  "title": "Deve realizar a exclusão do carrinho através da finalização da compra com sucesso",
                  "fullTitle": "Casos de teste sobre a rota /carrinhos da API Serverest Realizar o login com sucesso Deve realizar a exclusão do carrinho através da finalização da compra com sucesso",
                  "timedOut": null,
                  "duration": 593,
                  "state": "passed",
                  "speed": "fast",
                  "pass": true,
                  "fail": false,
                  "pending": false,
                  "context": null,
                  "code": "_serverest.default.concluirCompraComSucesso().then(res => {\n  _validaServerest.default.validarFinalizaçãoDeCompraComSucesso(res);\n});",
                  "err": {},
                  "uuid": "94a2e5a8-44a8-4233-8c22-1f41bb1e1258",
                  "parentUUID": "67be6425-2234-4f77-b70f-9bafafaec3df",
                  "isHook": false,
                  "skipped": false
                }
              ],
              "suites": [],
              "passes": [
                "94a2e5a8-44a8-4233-8c22-1f41bb1e1258"
              ],
              "failures": [
                "1f764756-5fb0-48da-8dd2-d97e5791616e"
              ],
              "pending": [],
              "skipped": [],
              "duration": 1831,
              "root": false,
              "rootEmpty": false,
              "_timeout": 2000
            }
          ],
          "passes": [
            "13f79966-4cd9-483d-b238-a67530823980"
          ],
          "failures": [],
          "pending": [],
          "skipped": [],
          "duration": 282,
          "root": false,
          "rootEmpty": false,
          "_timeout": 2000
        }
      ],
      "passes": [],
      "failures": [],
      "pending": [],
      "skipped": [],
      "duration": 0,
      "root": true,
      "rootEmpty": true,
      "_timeout": 2000
    }
  ],
  "meta": {
    "mocha": {
      "version": "7.0.1"
    },
    "mochawesome": {
      "options": {
        "quiet": false,
        "reportFilename": "mochawesome",
        "saveHtml": false,
        "saveJson": true,
        "consoleReporter": "spec",
        "useInlineDiffs": false,
        "code": true
      },
      "version": "7.1.3"
    },
    "marge": {
      "options": {
        "id": "default",
        "reportDir": "cypress/reports/mocha",
        "quite": true,
        "overwrite": false,
        "html": false,
        "json": true
      },
      "version": "6.2.0"
    }
  }
}