{
  "stats": {
    "suites": 1,
    "tests": 7,
    "passes": 7,
    "pending": 0,
    "failures": 0,
    "start": "2022-09-11T23:08:10.932Z",
    "end": "2022-09-11T23:08:13.037Z",
    "duration": 2105,
    "testsRegistered": 7,
    "passPercent": 100,
    "pendingPercent": 0,
    "other": 0,
    "hasOther": false,
    "skipped": 0,
    "hasSkipped": false
  },
  "results": [
    {
      "uuid": "876609b6-b50f-4074-bd6a-bd0e751fb6f2",
      "title": "",
      "fullFile": "cypress/integration/1.usuarios.spec.js",
      "file": "cypress/integration/1.usuarios.spec.js",
      "beforeHooks": [],
      "afterHooks": [],
      "tests": [],
      "suites": [
        {
          "uuid": "e04cdf11-9aac-49c4-a406-bc5a9a97cc1e",
          "title": "Casos de teste sobre a rota /usuarios da API Serverest",
          "fullFile": "",
          "file": "",
          "beforeHooks": [],
          "afterHooks": [],
          "tests": [
            {
              "title": "Deve buscar todos os usuários cadastrados",
              "fullTitle": "Casos de teste sobre a rota /usuarios da API Serverest Deve buscar todos os usuários cadastrados",
              "timedOut": null,
              "duration": 637,
              "state": "passed",
              "speed": "fast",
              "pass": true,
              "fail": false,
              "pending": false,
              "context": null,
              "code": "_serverest.default.buscarUsuarios().then(res => {\n  cy.contractValidation(res, 'get-usuarios', 200);\n  _validaServerest.default.validarBuscaDeUsuarios(res);\n});",
              "err": {},
              "uuid": "776ca0b5-69a3-42ba-b4fe-56eb83a577fa",
              "parentUUID": "e04cdf11-9aac-49c4-a406-bc5a9a97cc1e",
              "isHook": false,
              "skipped": false
            },
            {
              "title": "Deve cadastrar um novo usuário administrador",
              "fullTitle": "Casos de teste sobre a rota /usuarios da API Serverest Deve cadastrar um novo usuário administrador",
              "timedOut": null,
              "duration": 204,
              "state": "passed",
              "speed": "fast",
              "pass": true,
              "fail": false,
              "pending": false,
              "context": null,
              "code": "_serverest.default.cadastrarNovoUsuario().then(res => {\n  cy.contractValidation(res, 'post-usuarios', 201);\n  _validaServerest.default.validarCadastroDeUsuarioComSucesso(res);\n});",
              "err": {},
              "uuid": "9a814743-e08e-400e-ab2b-993fa9c34d75",
              "parentUUID": "e04cdf11-9aac-49c4-a406-bc5a9a97cc1e",
              "isHook": false,
              "skipped": false
            },
            {
              "title": "Deve buscar o usuário cadastrado pelo seu Id",
              "fullTitle": "Casos de teste sobre a rota /usuarios da API Serverest Deve buscar o usuário cadastrado pelo seu Id",
              "timedOut": null,
              "duration": 201,
              "state": "passed",
              "speed": "fast",
              "pass": true,
              "fail": false,
              "pending": false,
              "context": null,
              "code": "_serverest.default.buscarUsuarioPorId().then(res => {\n  _validaServerest.default.validarBuscaDeUsuarioPorId(res);\n});",
              "err": {},
              "uuid": "631d1cc9-8d79-41a3-b646-028a9b3a8a62",
              "parentUUID": "e04cdf11-9aac-49c4-a406-bc5a9a97cc1e",
              "isHook": false,
              "skipped": false
            },
            {
              "title": "Deve editar os dados do usuário cadastrado",
              "fullTitle": "Casos de teste sobre a rota /usuarios da API Serverest Deve editar os dados do usuário cadastrado",
              "timedOut": null,
              "duration": 205,
              "state": "passed",
              "speed": "fast",
              "pass": true,
              "fail": false,
              "pending": false,
              "context": null,
              "code": "_serverest.default.editarUsuarioCadastrado().then(res => {\n  _validaServerest.default.validarEdicaoDeUsuario(res);\n});",
              "err": {},
              "uuid": "584691c1-3aae-474c-86ed-2e963422c058",
              "parentUUID": "e04cdf11-9aac-49c4-a406-bc5a9a97cc1e",
              "isHook": false,
              "skipped": false
            },
            {
              "title": "Deve excluir o usuário cadastrado",
              "fullTitle": "Casos de teste sobre a rota /usuarios da API Serverest Deve excluir o usuário cadastrado",
              "timedOut": null,
              "duration": 214,
              "state": "passed",
              "speed": "fast",
              "pass": true,
              "fail": false,
              "pending": false,
              "context": null,
              "code": "_serverest.default.excluirUsuarioCadastrado().then(res => {\n  _validaServerest.default.validarExclusaoDeUsuario(res);\n});",
              "err": {},
              "uuid": "de0dfd99-2ef0-43ce-8baa-ad908895b7e2",
              "parentUUID": "e04cdf11-9aac-49c4-a406-bc5a9a97cc1e",
              "isHook": false,
              "skipped": false
            },
            {
              "title": "Deve buscar o usuário de um arquivo json",
              "fullTitle": "Casos de teste sobre a rota /usuarios da API Serverest Deve buscar o usuário de um arquivo json",
              "timedOut": null,
              "duration": 257,
              "state": "passed",
              "speed": "fast",
              "pass": true,
              "fail": false,
              "pending": false,
              "context": null,
              "code": "cy.fixture('users.json').then(json => {\n  let usuario = {\n    email: json.email,\n    password: json.password\n  };\n  _serverest.default.logar(usuario).then(res => {\n    _validaServerest.default.validaLoginComSucesso(res);\n    _serverest.default.salvarBearer(res);\n  });\n});",
              "err": {},
              "uuid": "1614d80a-ea0d-4c77-9a12-87b74a8ba198",
              "parentUUID": "e04cdf11-9aac-49c4-a406-bc5a9a97cc1e",
              "isHook": false,
              "skipped": false
            },
            {
              "title": "Deve buscar e salvar um usuário no arquivo json",
              "fullTitle": "Casos de teste sobre a rota /usuarios da API Serverest Deve buscar e salvar um usuário no arquivo json",
              "timedOut": null,
              "duration": 318,
              "state": "passed",
              "speed": "fast",
              "pass": true,
              "fail": false,
              "pending": false,
              "context": null,
              "code": "_serverest.default.buscarUsuarios().then(res => {\n  cy.log(JSON.stringify(res.body.usuarios[0]));\n  cy.writeFile('./cypress/fixtures/users.json', res.body.usuarios[0]);\n  _validaServerest.default.validarBuscaDeUsuarios(res);\n});",
              "err": {},
              "uuid": "551a248a-664a-47bf-b8e7-95eb46c08c8e",
              "parentUUID": "e04cdf11-9aac-49c4-a406-bc5a9a97cc1e",
              "isHook": false,
              "skipped": false
            }
          ],
          "suites": [],
          "passes": [
            "776ca0b5-69a3-42ba-b4fe-56eb83a577fa",
            "9a814743-e08e-400e-ab2b-993fa9c34d75",
            "631d1cc9-8d79-41a3-b646-028a9b3a8a62",
            "584691c1-3aae-474c-86ed-2e963422c058",
            "de0dfd99-2ef0-43ce-8baa-ad908895b7e2",
            "1614d80a-ea0d-4c77-9a12-87b74a8ba198",
            "551a248a-664a-47bf-b8e7-95eb46c08c8e"
          ],
          "failures": [],
          "pending": [],
          "skipped": [],
          "duration": 2036,
          "root": false,
          "rootEmpty": false,
          "_timeout": 2000
        }
      ],
      "passes": [],
      "failures": [],
      "pending": [],
      "skipped": [],
      "duration": 0,
      "root": true,
      "rootEmpty": true,
      "_timeout": 2000
    }
  ],
  "meta": {
    "mocha": {
      "version": "7.0.1"
    },
    "mochawesome": {
      "options": {
        "quiet": false,
        "reportFilename": "mochawesome",
        "saveHtml": false,
        "saveJson": true,
        "consoleReporter": "spec",
        "useInlineDiffs": false,
        "code": true
      },
      "version": "7.1.3"
    },
    "marge": {
      "options": {
        "id": "default",
        "reportDir": "cypress/reports/mocha",
        "quite": true,
        "overwrite": false,
        "html": false,
        "json": true
      },
      "version": "6.2.0"
    }
  }
}